# JRE version: OpenJDK Runtime Environment (17.0.6) (build 17.0.6+0-b2043.56-10027231)
# Java VM: OpenJDK 64-Bit Server VM (17.0.6+0-b2043.56-10027231, mixed mode, tiered, compressed oops, compressed class ptrs, g1 gc, windows-amd64)
GC Precious Log:
 CPUs: 4 total, 4 available
 Memory: 8081M
 Large Page Support: Disabled
 NUMA Support: Disabled
 Compressed Oops: Enabled (32-bit)
 Heap Region Size: 1M
 Heap Min Capacity: 8M
 Heap Initial Capacity: 128M
 Heap Max Capacity: 2G
 Pre-touch: Disabled
 Parallel Workers: 4
 Concurrent Workers: 1
 Concurrent Refinement Workers: 4
 Periodic GC: Disabled
Heap:
 garbage-first heap   total 520192K, used 409253K [0x0000000080000000, 0x0000000100000000)
  region size 1024K, 104 young (106496K), 14 survivors (14336K)
 Metaspace       used 226730K, committed 227968K, reserved 1253376K
  class space    used 27953K, committed 28544K, reserved 1048576K
GC Heap History (20 events):
Event: 1216.206 GC heap before
{Heap before GC invocations=130 (full 0):
 garbage-first heap   total 520192K, used 448161K [0x0000000080000000, 0x0000000100000000)
  region size 1024K, 195 young (199680K), 12 survivors (12288K)
 Metaspace       used 199447K, committed 200576K, reserved 1228800K
  class space    used 24558K, committed 25088K, reserved 1048576K
}
Event: 1216.262 GC heap after
{Heap after GC invocations=131 (full 0):
 garbage-first heap   total 520192K, used 269807K [0x0000000080000000, 0x0000000100000000)
  region size 1024K, 20 young (20480K), 20 survivors (20480K)
 Metaspace       used 199447K, committed 200576K, reserved 1228800K
  class space    used 24558K, committed 25088K, reserved 1048576K
}
Event: 1220.086 GC heap before
{Heap before GC invocations=131 (full 0):
 garbage-first heap   total 520192K, used 357871K [0x0000000080000000, 0x0000000100000000)
  region size 1024K, 107 young (109568K), 20 survivors (20480K)
 Metaspace       used 203023K, committed 204160K, reserved 1228800K
  class space    used 25038K, committed 25600K, reserved 1048576K
}
Event: 1220.151 GC heap after
{Heap after GC invocations=132 (full 0):
 garbage-first heap   total 520192K, used 281320K [0x0000000080000000, 0x0000000100000000)
  region size 1024K, 20 young (20480K), 20 survivors (20480K)
 Metaspace       used 203023K, committed 204160K, reserved 1228800K
  class space    used 25038K, committed 25600K, reserved 1048576K
}
Event: 1226.274 GC heap before
{Heap before GC invocations=133 (full 0):
 garbage-first heap   total 520192K, used 465640K [0x0000000080000000, 0x0000000100000000)
  region size 1024K, 175 young (179200K), 20 survivors (20480K)
 Metaspace       used 207068K, committed 208320K, reserved 1236992K
  class space    used 25473K, committed 26112K, reserved 1048576K
}
Event: 1226.343 GC heap after
{Heap after GC invocations=134 (full 0):
 garbage-first heap   total 520192K, used 304472K [0x0000000080000000, 0x0000000100000000)
  region size 1024K, 22 young (22528K), 22 survivors (22528K)
 Metaspace       used 207068K, committed 208320K, reserved 1236992K
  class space    used 25473K, committed 26112K, reserved 1048576K
}
Event: 1226.385 GC heap before
{Heap before GC invocations=134 (full 0):
 garbage-first heap   total 520192K, used 306520K [0x0000000080000000, 0x0000000100000000)
  region size 1024K, 25 young (25600K), 22 survivors (22528K)
 Metaspace       used 207086K, committed 208320K, reserved 1236992K
  class space    used 25473K, committed 26112K, reserved 1048576K
}
Event: 1226.420 GC heap after
{Heap after GC invocations=135 (full 0):
 garbage-first heap   total 520192K, used 300544K [0x0000000080000000, 0x0000000100000000)
  region size 1024K, 2 young (2048K), 2 survivors (2048K)
 Metaspace       used 207086K, committed 208320K, reserved 1236992K
  class space    used 25473K, committed 26112K, reserved 1048576K
}
Event: 1228.598 GC heap before
{Heap before GC invocations=135 (full 0):
 garbage-first heap   total 520192K, used 421376K [0x0000000080000000, 0x0000000100000000)
  region size 1024K, 121 young (123904K), 2 survivors (2048K)
 Metaspace       used 211193K, committed 212416K, reserved 1236992K
  class space    used 25818K, committed 26432K, reserved 1048576K
}
Event: 1228.603 GC heap after
{Heap after GC invocations=136 (full 0):
 garbage-first heap   total 520192K, used 302132K [0x0000000080000000, 0x0000000100000000)
  region size 1024K, 4 young (4096K), 4 survivors (4096K)
 Metaspace       used 211193K, committed 212416K, reserved 1236992K
  class space    used 25818K, committed 26432K, reserved 1048576K
}
Event: 1231.283 GC heap before
{Heap before GC invocations=136 (full 0):
 garbage-first heap   total 520192K, used 429108K [0x0000000080000000, 0x0000000100000000)
  region size 1024K, 127 young (130048K), 4 survivors (4096K)
 Metaspace       used 213642K, committed 214848K, reserved 1245184K
  class space    used 26131K, committed 26752K, reserved 1048576K
}
Event: 1231.294 GC heap after
{Heap after GC invocations=137 (full 0):
 garbage-first heap   total 520192K, used 303340K [0x0000000080000000, 0x0000000100000000)
  region size 1024K, 5 young (5120K), 5 survivors (5120K)
 Metaspace       used 213642K, committed 214848K, reserved 1245184K
  class space    used 26131K, committed 26752K, reserved 1048576K
}
Event: 1232.165 GC heap before
{Heap before GC invocations=137 (full 0):
 garbage-first heap   total 520192K, used 433388K [0x0000000080000000, 0x0000000100000000)
  region size 1024K, 133 young (136192K), 5 survivors (5120K)
 Metaspace       used 214577K, committed 215808K, reserved 1245184K
  class space    used 26254K, committed 26816K, reserved 1048576K
}
Event: 1232.177 GC heap after
{Heap after GC invocations=138 (full 0):
 garbage-first heap   total 520192K, used 306082K [0x0000000080000000, 0x0000000100000000)
  region size 1024K, 8 young (8192K), 8 survivors (8192K)
 Metaspace       used 214577K, committed 215808K, reserved 1245184K
  class space    used 26254K, committed 26816K, reserved 1048576K
}
Event: 1233.448 GC heap before
{Heap before GC invocations=138 (full 0):
 garbage-first heap   total 520192K, used 440226K [0x0000000080000000, 0x0000000100000000)
  region size 1024K, 138 young (141312K), 8 survivors (8192K)
 Metaspace       used 214988K, committed 216256K, reserved 1245184K
  class space    used 26322K, committed 26944K, reserved 1048576K
}
Event: 1233.459 GC heap after
{Heap after GC invocations=139 (full 0):
 garbage-first heap   total 520192K, used 306048K [0x0000000080000000, 0x0000000100000000)
  region size 1024K, 8 young (8192K), 8 survivors (8192K)
 Metaspace       used 214988K, committed 216256K, reserved 1245184K
  class space    used 26322K, committed 26944K, reserved 1048576K
}
Event: 1235.099 GC heap before
{Heap before GC invocations=139 (full 0):
 garbage-first heap   total 520192K, used 442240K [0x0000000080000000, 0x0000000100000000)
  region size 1024K, 142 young (145408K), 8 survivors (8192K)
 Metaspace       used 219954K, committed 221184K, reserved 1245184K
  class space    used 27001K, committed 27584K, reserved 1048576K
}
Event: 1235.121 GC heap after
{Heap after GC invocations=140 (full 0):
 garbage-first heap   total 520192K, used 313163K [0x0000000080000000, 0x0000000100000000)
  region size 1024K, 15 young (15360K), 15 survivors (15360K)
 Metaspace       used 219954K, committed 221184K, reserved 1245184K
  class space    used 27001K, committed 27584K, reserved 1048576K
}
Event: 1236.618 GC heap before
{Heap before GC invocations=140 (full 0):
 garbage-first heap   total 520192K, used 440139K [0x0000000080000000, 0x0000000100000000)
  region size 1024K, 140 young (143360K), 15 survivors (15360K)
 Metaspace       used 225329K, committed 226560K, reserved 1253376K
  class space    used 27793K, committed 28352K, reserved 1048576K
}
Event: 1236.651 GC heap after
{Heap after GC invocations=141 (full 0):
 garbage-first heap   total 520192K, used 318117K [0x0000000080000000, 0x0000000100000000)
  region size 1024K, 14 young (14336K), 14 survivors (14336K)
 Metaspace       used 225329K, committed 226560K, reserved 1253376K
  class space    used 27793K, committed 28352K, reserved 1048576K
}

